TIMINGS FOR "LOCAL" COPY TO TAPE


fntt2> ecmd encp --list /data/d2 /pnfs/enstore/redwood-tests/x7
Checking /data/d2
  dt: 0.030956029892    cum= 0.0315579175949
Checking /pnfs/enstore/redwood-tests/x7    cum= 0.032133936882
  dt: 0.240665078163    cum= 0.273137927055
Storing local info   cum= 0.273504018784
  dt: 0.0108720064163    cum= 0.284879922867
Requesting callback ports    cum= 0.285327911377
   fntt2.fnal.gov 7600 dt: 0.0146160125732    cum= 0.300705909729
Calling Config Server to find redwood50.library_manager    cum= 0.301414012909
   fnhpssc-fc 7516 dt: 0.011283993721    cum= 0.313316941261
Sending ticket to redwood50.library_manager    cum= 0.313857913017
  Q'd: /data/d2 redwood50 family: test bytes: 524288000 dt: 0.0346219539642    cum= 0.349470019341
Waiting for mover to call back    cum= 0.349876999855
   fntt2.fnal.gov 7601    cum= 57.2415390015
Sending data    cum= 57.2433879375
  bytes: 524288000 dt: 130.913884997 = 3.81930457575 MB/S    cum= 188.159516931
Waiting for final mover dialog    cum= 188.160026908
  dt: 21.5957429409    cum= 209.75623095
Adding file to pnfs    cum= 209.75672102
  dt: 0.422170996666    cum= 210.179323912
Adding transaction log to pnfs    cum= 210.179908991
  dt: 0.202365994453    cum= 210.382684946
/pnfs/enstore/redwood-tests/x7 : 524288000 bytes copied to 000005 
    in  210.179669023 seconds at 2.37891662949 MB/S    cum= 210.384336948
fntt2> 
